TN:
SF:src\extension.ts
FN:7,activate
FN:15,(anonymous_10)
FN:25,deactivate
FNF:3
FNH:0
FNDA:0,activate
FNDA:0,(anonymous_10)
FNDA:0,deactivate
DA:3,0
DA:7,0
DA:10,0
DA:15,0
DA:18,0
DA:21,0
DA:25,0
LF:7
LH:0
BRF:0
BRH:0
end_of_record
TN:
SF:src\shared\constants.ts
FNF:0
FNH:0
DA:6,0
DA:16,0
DA:25,0
DA:34,0
DA:43,0
DA:53,0
DA:63,0
LF:7
LH:0
BRF:0
BRH:0
end_of_record
TN:
SF:src\shared\index.ts
FNF:0
FNH:0
DA:5,0
DA:6,0
LF:2
LH:0
BRF:0
BRH:0
end_of_record
TN:
SF:src\test\helpers\vscode-test-helpers.ts
FN:16,(anonymous_0)
FN:25,(anonymous_1)
FN:28,(anonymous_2)
FN:32,(anonymous_3)
FN:33,(anonymous_4)
FN:35,(anonymous_5)
FNF:6
FNH:6
FNDA:1,(anonymous_0)
FNDA:1,(anonymous_1)
FNDA:1,(anonymous_2)
FNDA:5,(anonymous_3)
FNDA:45,(anonymous_4)
FNDA:80,(anonymous_5)
DA:1,1
DA:15,1
DA:17,1
DA:26,1
DA:28,1
DA:33,5
DA:34,45
DA:35,35
DA:36,80
DA:37,60
LF:10
LH:10
BRDA:16,0,0,0
BRDA:34,1,0,35
BRDA:34,2,0,45
BRDA:34,2,1,35
BRDA:36,3,0,60
BRF:5
BRH:4
end_of_record
